2018-04-17T12:41:41+00:00 CRITICAL Call to undefined function get_error()

2018-04-17T18:56:31+00:00 CRITICAL Uncaught Error: Call to undefined function get_cart() in C:\wamp\www\home\wp-content\themes\storefront-child\woocommerce\checkout\form-checkout.php:145
Stack trace:
#0 C:\wamp\www\home\wp-content\plugins\woocommerce\includes\wc-core-functions.php(211): include()
#1 C:\wamp\www\home\wp-content\plugins\woocommerce\includes\shortcodes\class-wc-shortcode-checkout.php(242): wc_get_template('checkout/form-c...', Array)
#2 C:\wamp\www\home\wp-content\plugins\woocommerce\includes\shortcodes\class-wc-shortcode-checkout.php(68): WC_Shortcode_Checkout::checkout()
#3 C:\wamp\www\home\wp-content\plugins\woocommerce\includes\class-wc-shortcodes.php(76): WC_Shortcode_Checkout::output('')
#4 C:\wamp\www\home\wp-content\plugins\woocommerce\includes\class-wc-shortcodes.php(99): WC_Shortcodes::shortcode_wrapper(Array, '')
#5 C:\wamp\www\home\wp-includes\shortcodes.php(319): WC_Shortcodes::checkout('', '', 'woocommerce_che...')
#6 [internal function]: do_shortcode_tag(Array)
#7 C:\wamp\www\home\wp-includes\shortcodes.php(197): p

2018-04-17T18:56:56+00:00 CRITICAL Uncaught Error: Using $this when not in object context in C:\wamp\www\home\wp-content\plugins\woocommerce\includes\class-wc-cart.php:612
Stack trace:
#0 C:\wamp\www\home\wp-content\themes\storefront-child\woocommerce\checkout\form-checkout.php(145): WC_Cart::get_cart()
#1 C:\wamp\www\home\wp-content\plugins\woocommerce\includes\wc-core-functions.php(211): include('C:\\wamp\\www\\hom...')
#2 C:\wamp\www\home\wp-content\plugins\woocommerce\includes\shortcodes\class-wc-shortcode-checkout.php(242): wc_get_template('checkout/form-c...', Array)
#3 C:\wamp\www\home\wp-content\plugins\woocommerce\includes\shortcodes\class-wc-shortcode-checkout.php(68): WC_Shortcode_Checkout::checkout()
#4 C:\wamp\www\home\wp-content\plugins\woocommerce\includes\class-wc-shortcodes.php(76): WC_Shortcode_Checkout::output('')
#5 C:\wamp\www\home\wp-content\plugins\woocommerce\includes\class-wc-shortcodes.php(99): WC_Shortcodes::shortcode_wrapper(Array, '')
#6 C:\wamp\www\home\wp-includes\shortcodes.php(319): WC_Shortcodes::checkout('', 

2018-04-17T19:31:38+00:00 CRITICAL Uncaught Error: Call to undefined function storefront_is_woocommerce_activated() in C:\wamp\www\home\wp-content\themes\storefront\functions.php:39
Stack trace:
#0 C:\wamp\www\home\wp-settings.php(426): include()
#1 C:\wamp\www\home\wp-config.php(89): require_once('C:\\wamp\\www\\hom...')
#2 C:\wamp\www\home\wp-load.php(37): require_once('C:\\wamp\\www\\hom...')
#3 C:\wamp\www\home\wp-blog-header.php(13): require_once('C:\\wamp\\www\\hom...')
#4 C:\wamp\www\home\index.php(17): require('C:\\wamp\\www\\hom...')
#5 {main}
  thrown

2018-04-17T19:45:06+00:00 CRITICAL Uncaught ArgumentCountError: Too few arguments to function custom_button_replacement(), 1 passed in C:\wamp\www\home\wp-includes\class-wp-hook.php on line 286 and exactly 2 expected in C:\wamp\www\home\wp-content\themes\storefront-child\functions.php:73
Stack trace:
#0 C:\wamp\www\home\wp-includes\class-wp-hook.php(286): custom_button_replacement('')
#1 C:\wamp\www\home\wp-includes\class-wp-hook.php(310): WP_Hook->apply_filters(NULL, Array)
#2 C:\wamp\www\home\wp-includes\plugin.php(453): WP_Hook->do_action(Array)
#3 C:\wamp\www\home\wp-content\plugins\woocommerce\templates\content-single-product.php(61): do_action('woocommerce_sin...')
#4 C:\wamp\www\home\wp-includes\template.php(690): require('C:\\wamp\\www\\hom...')
#5 C:\wamp\www\home\wp-content\plugins\woocommerce\includes\wc-core-functions.php(180): load_template('C:\\wamp\\www\\hom...', false)
#6 C:\wamp\www\home\wp-content\plugins\woocommerce\templates\single-product.php(37): wc_get_template_part('content', 'single-product')
#7 C:\wamp\www\home\wp-inc

2018-04-17T19:46:03+00:00 CRITICAL Uncaught ArgumentCountError: Too few arguments to function conditionally_replacing_add_to_cart_button(), 1 passed in C:\wamp\www\home\wp-includes\class-wp-hook.php on line 286 and exactly 2 expected in C:\wamp\www\home\wp-content\themes\storefront-child\functions.php:73
Stack trace:
#0 C:\wamp\www\home\wp-includes\class-wp-hook.php(286): conditionally_replacing_add_to_cart_button('')
#1 C:\wamp\www\home\wp-includes\class-wp-hook.php(310): WP_Hook->apply_filters(NULL, Array)
#2 C:\wamp\www\home\wp-includes\plugin.php(453): WP_Hook->do_action(Array)
#3 C:\wamp\www\home\wp-content\plugins\woocommerce\templates\content-single-product.php(61): do_action('woocommerce_sin...')
#4 C:\wamp\www\home\wp-includes\template.php(690): require('C:\\wamp\\www\\hom...')
#5 C:\wamp\www\home\wp-content\plugins\woocommerce\includes\wc-core-functions.php(180): load_template('C:\\wamp\\www\\hom...', false)
#6 C:\wamp\www\home\wp-content\plugins\woocommerce\templates\single-product.php(37): wc_get_template_part('content', 'single-pr

2018-04-17T19:46:58+00:00 CRITICAL Cannot redeclare custom_button_replacement() (previously declared in C:\wamp\www\home\wp-content\themes\storefront-child\functions.php:94)

2018-04-18T12:50:01+00:00 CRITICAL Call to a member function get_id() on null

2018-04-18T12:54:58+00:00 CRITICAL Call to a member function get_id() on null

2018-04-18T18:41:24+00:00 CRITICAL Uncaught Error: Class 'Facebook\Facebook' not found in C:\wamp\www\home\wp-content\themes\storefront-child\functions.php:176
Stack trace:
#0 C:\wamp\www\home\wp-includes\class-wp-hook.php(286): facebookLogin('')
#1 C:\wamp\www\home\wp-includes\class-wp-hook.php(310): WP_Hook->apply_filters(NULL, Array)
#2 C:\wamp\www\home\wp-includes\plugin.php(453): WP_Hook->do_action(Array)
#3 C:\wamp\www\home\wp-settings.php(450): do_action('init')
#4 C:\wamp\www\home\wp-config.php(89): require_once('C:\\wamp\\www\\hom...')
#5 C:\wamp\www\home\wp-load.php(37): require_once('C:\\wamp\\www\\hom...')
#6 C:\wamp\www\home\wp-blog-header.php(13): require_once('C:\\wamp\\www\\hom...')
#7 C:\wamp\www\home\index.php(17): require('C:\\wamp\\www\\hom...')
#8 {main}
  thrown

2018-04-18T18:46:39+00:00 CRITICAL Uncaught Error: Call to undefined function checkLoginFacebook() in C:\wamp\www\home\wp-content\themes\storefront-child\functions.php:193
Stack trace:
#0 C:\wamp\www\home\wp-includes\class-wp-hook.php(286): facebookLogin('')
#1 C:\wamp\www\home\wp-includes\class-wp-hook.php(310): WP_Hook->apply_filters(NULL, Array)
#2 C:\wamp\www\home\wp-includes\plugin.php(453): WP_Hook->do_action(Array)
#3 C:\wamp\www\home\wp-settings.php(450): do_action('init')
#4 C:\wamp\www\home\wp-config.php(89): require_once('C:\\wamp\\www\\hom...')
#5 C:\wamp\www\home\wp-load.php(37): require_once('C:\\wamp\\www\\hom...')
#6 C:\wamp\www\home\wp-blog-header.php(13): require_once('C:\\wamp\\www\\hom...')
#7 C:\wamp\www\home\index.php(17): require('C:\\wamp\\www\\hom...')
#8 {main}
  thrown

2018-04-18T18:58:02+00:00 CRITICAL Uncaught Error: Call to undefined function checkLoginFacebook() in C:\wamp\www\home\wp-content\themes\storefront-child\functions.php:208
Stack trace:
#0 C:\wamp\www\home\wp-includes\class-wp-hook.php(286): facebookLogin('')
#1 C:\wamp\www\home\wp-includes\class-wp-hook.php(310): WP_Hook->apply_filters(NULL, Array)
#2 C:\wamp\www\home\wp-includes\plugin.php(453): WP_Hook->do_action(Array)
#3 C:\wamp\www\home\wp-settings.php(450): do_action('init')
#4 C:\wamp\www\home\wp-config.php(89): require_once('C:\\wamp\\www\\hom...')
#5 C:\wamp\www\home\wp-load.php(37): require_once('C:\\wamp\\www\\hom...')
#6 C:\wamp\www\home\wp-blog-header.php(13): require_once('C:\\wamp\\www\\hom...')
#7 C:\wamp\www\home\index.php(17): require('C:\\wamp\\www\\hom...')
#8 {main}
  thrown

2018-04-18T18:58:18+00:00 CRITICAL Uncaught Error: Call to undefined function checkLoginFacebook() in C:\wamp\www\home\wp-content\themes\storefront-child\functions.php:208
Stack trace:
#0 C:\wamp\www\home\wp-includes\class-wp-hook.php(286): facebookLogin('')
#1 C:\wamp\www\home\wp-includes\class-wp-hook.php(310): WP_Hook->apply_filters(NULL, Array)
#2 C:\wamp\www\home\wp-includes\plugin.php(453): WP_Hook->do_action(Array)
#3 C:\wamp\www\home\wp-settings.php(450): do_action('init')
#4 C:\wamp\www\home\wp-config.php(89): require_once('C:\\wamp\\www\\hom...')
#5 C:\wamp\www\home\wp-load.php(37): require_once('C:\\wamp\\www\\hom...')
#6 C:\wamp\www\home\wp-blog-header.php(13): require_once('C:\\wamp\\www\\hom...')
#7 C:\wamp\www\home\index.php(17): require('C:\\wamp\\www\\hom...')
#8 {main}
  thrown

2018-04-18T18:58:21+00:00 CRITICAL Uncaught Error: Call to undefined function checkLoginFacebook() in C:\wamp\www\home\wp-content\themes\storefront-child\functions.php:208
Stack trace:
#0 C:\wamp\www\home\wp-includes\class-wp-hook.php(286): facebookLogin('')
#1 C:\wamp\www\home\wp-includes\class-wp-hook.php(310): WP_Hook->apply_filters(NULL, Array)
#2 C:\wamp\www\home\wp-includes\plugin.php(453): WP_Hook->do_action(Array)
#3 C:\wamp\www\home\wp-settings.php(450): do_action('init')
#4 C:\wamp\www\home\wp-config.php(89): require_once('C:\\wamp\\www\\hom...')
#5 C:\wamp\www\home\wp-load.php(37): require_once('C:\\wamp\\www\\hom...')
#6 C:\wamp\www\home\wp-blog-header.php(13): require_once('C:\\wamp\\www\\hom...')
#7 C:\wamp\www\home\index.php(17): require('C:\\wamp\\www\\hom...')
#8 {main}
  thrown

2018-04-18T18:59:58+00:00 CRITICAL Uncaught Error: Call to undefined function is_empty() in C:\wamp\www\home\wp-content\themes\storefront-child\functions.php:201
Stack trace:
#0 C:\wamp\www\home\wp-includes\class-wp-hook.php(286): facebookLogin('')
#1 C:\wamp\www\home\wp-includes\class-wp-hook.php(310): WP_Hook->apply_filters(NULL, Array)
#2 C:\wamp\www\home\wp-includes\plugin.php(453): WP_Hook->do_action(Array)
#3 C:\wamp\www\home\wp-settings.php(450): do_action('init')
#4 C:\wamp\www\home\wp-config.php(89): require_once('C:\\wamp\\www\\hom...')
#5 C:\wamp\www\home\wp-load.php(37): require_once('C:\\wamp\\www\\hom...')
#6 C:\wamp\www\home\wp-blog-header.php(13): require_once('C:\\wamp\\www\\hom...')
#7 C:\wamp\www\home\index.php(17): require('C:\\wamp\\www\\hom...')
#8 {main}
  thrown

2018-04-18T19:06:26+00:00 CRITICAL Uncaught Error: Call to undefined function checkLoginFacebook() in C:\wamp\www\home\wp-content\themes\storefront-child\functions.php:225
Stack trace:
#0 C:\wamp\www\home\wp-includes\class-wp-hook.php(286): facebookLogin('')
#1 C:\wamp\www\home\wp-includes\class-wp-hook.php(310): WP_Hook->apply_filters(NULL, Array)
#2 C:\wamp\www\home\wp-includes\plugin.php(453): WP_Hook->do_action(Array)
#3 C:\wamp\www\home\wp-settings.php(450): do_action('init')
#4 C:\wamp\www\home\wp-config.php(89): require_once('C:\\wamp\\www\\hom...')
#5 C:\wamp\www\home\wp-load.php(37): require_once('C:\\wamp\\www\\hom...')
#6 C:\wamp\www\home\wp-blog-header.php(13): require_once('C:\\wamp\\www\\hom...')
#7 C:\wamp\www\home\index.php(17): require('C:\\wamp\\www\\hom...')
#8 {main}
  thrown

2018-04-18T19:06:49+00:00 CRITICAL Uncaught Error: Call to undefined function checkLoginFacebook() in C:\wamp\www\home\wp-content\themes\storefront-child\functions.php:225
Stack trace:
#0 C:\wamp\www\home\wp-includes\class-wp-hook.php(286): facebookLogin('')
#1 C:\wamp\www\home\wp-includes\class-wp-hook.php(310): WP_Hook->apply_filters(NULL, Array)
#2 C:\wamp\www\home\wp-includes\plugin.php(453): WP_Hook->do_action(Array)
#3 C:\wamp\www\home\wp-settings.php(450): do_action('init')
#4 C:\wamp\www\home\wp-config.php(89): require_once('C:\\wamp\\www\\hom...')
#5 C:\wamp\www\home\wp-load.php(37): require_once('C:\\wamp\\www\\hom...')
#6 C:\wamp\www\home\wp-blog-header.php(13): require_once('C:\\wamp\\www\\hom...')
#7 C:\wamp\www\home\index.php(17): require('C:\\wamp\\www\\hom...')
#8 {main}
  thrown

2018-04-18T19:09:14+00:00 CRITICAL Uncaught Error: Call to undefined function checkLoginFacebook() in C:\wamp\www\home\wp-content\themes\storefront-child\functions.php:225
Stack trace:
#0 C:\wamp\www\home\wp-includes\class-wp-hook.php(286): facebookLogin('')
#1 C:\wamp\www\home\wp-includes\class-wp-hook.php(310): WP_Hook->apply_filters(NULL, Array)
#2 C:\wamp\www\home\wp-includes\plugin.php(453): WP_Hook->do_action(Array)
#3 C:\wamp\www\home\wp-settings.php(450): do_action('init')
#4 C:\wamp\www\home\wp-config.php(89): require_once('C:\\wamp\\www\\hom...')
#5 C:\wamp\www\home\wp-load.php(37): require_once('C:\\wamp\\www\\hom...')
#6 C:\wamp\www\home\wp-blog-header.php(13): require_once('C:\\wamp\\www\\hom...')
#7 C:\wamp\www\home\index.php(17): require('C:\\wamp\\www\\hom...')
#8 {main}
  thrown

2018-04-18T19:10:25+00:00 CRITICAL Uncaught Error: Call to undefined function checkLoginFacebook() in C:\wamp\www\home\wp-content\themes\storefront-child\functions.php:229
Stack trace:
#0 C:\wamp\www\home\wp-includes\class-wp-hook.php(286): facebookLogin('')
#1 C:\wamp\www\home\wp-includes\class-wp-hook.php(310): WP_Hook->apply_filters(NULL, Array)
#2 C:\wamp\www\home\wp-includes\plugin.php(453): WP_Hook->do_action(Array)
#3 C:\wamp\www\home\wp-settings.php(450): do_action('init')
#4 C:\wamp\www\home\wp-config.php(89): require_once('C:\\wamp\\www\\hom...')
#5 C:\wamp\www\home\wp-load.php(37): require_once('C:\\wamp\\www\\hom...')
#6 C:\wamp\www\home\wp-blog-header.php(13): require_once('C:\\wamp\\www\\hom...')
#7 C:\wamp\www\home\index.php(17): require('C:\\wamp\\www\\hom...')
#8 {main}
  thrown

2018-04-18T19:10:42+00:00 CRITICAL Uncaught Error: Call to undefined function checkLoginFacebook() in C:\wamp\www\home\wp-content\themes\storefront-child\functions.php:229
Stack trace:
#0 C:\wamp\www\home\wp-includes\class-wp-hook.php(286): facebookLogin('')
#1 C:\wamp\www\home\wp-includes\class-wp-hook.php(310): WP_Hook->apply_filters(NULL, Array)
#2 C:\wamp\www\home\wp-includes\plugin.php(453): WP_Hook->do_action(Array)
#3 C:\wamp\www\home\wp-settings.php(450): do_action('init')
#4 C:\wamp\www\home\wp-config.php(89): require_once('C:\\wamp\\www\\hom...')
#5 C:\wamp\www\home\wp-load.php(37): require_once('C:\\wamp\\www\\hom...')
#6 C:\wamp\www\home\wp-blog-header.php(13): require_once('C:\\wamp\\www\\hom...')
#7 C:\wamp\www\home\index.php(17): require('C:\\wamp\\www\\hom...')
#8 {main}
  thrown

2018-04-18T19:11:42+00:00 CRITICAL Uncaught Error: Call to undefined function checkLoginFacebook() in C:\wamp\www\home\wp-content\themes\storefront-child\functions.php:229
Stack trace:
#0 C:\wamp\www\home\wp-includes\class-wp-hook.php(286): facebookLogin('')
#1 C:\wamp\www\home\wp-includes\class-wp-hook.php(310): WP_Hook->apply_filters(NULL, Array)
#2 C:\wamp\www\home\wp-includes\plugin.php(453): WP_Hook->do_action(Array)
#3 C:\wamp\www\home\wp-settings.php(450): do_action('init')
#4 C:\wamp\www\home\wp-config.php(89): require_once('C:\\wamp\\www\\hom...')
#5 C:\wamp\www\home\wp-load.php(37): require_once('C:\\wamp\\www\\hom...')
#6 C:\wamp\www\home\wp-blog-header.php(13): require_once('C:\\wamp\\www\\hom...')
#7 C:\wamp\www\home\index.php(17): require('C:\\wamp\\www\\hom...')
#8 {main}
  thrown

2018-04-18T19:11:59+00:00 CRITICAL Uncaught Error: Call to undefined function checkLoginFacebook() in C:\wamp\www\home\wp-content\themes\storefront-child\functions.php:229
Stack trace:
#0 C:\wamp\www\home\wp-includes\class-wp-hook.php(286): facebookLogin('')
#1 C:\wamp\www\home\wp-includes\class-wp-hook.php(310): WP_Hook->apply_filters(NULL, Array)
#2 C:\wamp\www\home\wp-includes\plugin.php(453): WP_Hook->do_action(Array)
#3 C:\wamp\www\home\wp-settings.php(450): do_action('init')
#4 C:\wamp\www\home\wp-config.php(89): require_once('C:\\wamp\\www\\hom...')
#5 C:\wamp\www\home\wp-load.php(37): require_once('C:\\wamp\\www\\hom...')
#6 C:\wamp\www\home\wp-blog-header.php(13): require_once('C:\\wamp\\www\\hom...')
#7 C:\wamp\www\home\index.php(17): require('C:\\wamp\\www\\hom...')
#8 {main}
  thrown

2018-04-18T20:31:11+00:00 CRITICAL Uncaught Error: Class 'Google_Client' not found in C:\wamp\www\home\wp-content\themes\storefront-child\functions.php:257
Stack trace:
#0 C:\wamp\www\home\wp-includes\class-wp-hook.php(286): googleLogin('')
#1 C:\wamp\www\home\wp-includes\class-wp-hook.php(310): WP_Hook->apply_filters(NULL, Array)
#2 C:\wamp\www\home\wp-includes\plugin.php(453): WP_Hook->do_action(Array)
#3 C:\wamp\www\home\wp-settings.php(450): do_action('init')
#4 C:\wamp\www\home\wp-config.php(89): require_once('C:\\wamp\\www\\hom...')
#5 C:\wamp\www\home\wp-load.php(37): require_once('C:\\wamp\\www\\hom...')
#6 C:\wamp\www\home\wp-blog-header.php(13): require_once('C:\\wamp\\www\\hom...')
#7 C:\wamp\www\home\index.php(17): require('C:\\wamp\\www\\hom...')
#8 {main}
  thrown

2018-04-18T20:33:32+00:00 CRITICAL Uncaught Error: Class 'Google_Client' not found in C:\wamp\www\home\wp-content\themes\storefront-child\functions.php:258
Stack trace:
#0 C:\wamp\www\home\wp-includes\class-wp-hook.php(286): googleLogin('')
#1 C:\wamp\www\home\wp-includes\class-wp-hook.php(310): WP_Hook->apply_filters(NULL, Array)
#2 C:\wamp\www\home\wp-includes\plugin.php(453): WP_Hook->do_action(Array)
#3 C:\wamp\www\home\wp-settings.php(450): do_action('init')
#4 C:\wamp\www\home\wp-config.php(89): require_once('C:\\wamp\\www\\hom...')
#5 C:\wamp\www\home\wp-load.php(37): require_once('C:\\wamp\\www\\hom...')
#6 C:\wamp\www\home\wp-blog-header.php(13): require_once('C:\\wamp\\www\\hom...')
#7 C:\wamp\www\home\index.php(17): require('C:\\wamp\\www\\hom...')
#8 {main}
  thrown

2018-04-18T20:35:13+00:00 CRITICAL Class 'Google_Client' not found

2018-04-18T20:39:50+00:00 CRITICAL Uncaught LogicException: id_token must be passed in or set as part of setAccessToken in C:\wamp\www\home\wp-content\themes\storefront-child\google\google\apiclient\src\Google\Client.php:702
Stack trace:
#0 C:\wamp\www\home\wp-content\themes\storefront-child\functions.php(259): Google_Client->verifyIdToken(NULL)
#1 C:\wamp\www\home\wp-includes\class-wp-hook.php(286): googleLogin('')
#2 C:\wamp\www\home\wp-includes\class-wp-hook.php(310): WP_Hook->apply_filters(NULL, Array)
#3 C:\wamp\www\home\wp-includes\plugin.php(453): WP_Hook->do_action(Array)
#4 C:\wamp\www\home\wp-settings.php(450): do_action('init')
#5 C:\wamp\www\home\wp-config.php(89): require_once('C:\\wamp\\www\\hom...')
#6 C:\wamp\www\home\wp-load.php(37): require_once('C:\\wamp\\www\\hom...')
#7 C:\wamp\www\home\wp-blog-header.php(13): require_once('C:\\wamp\\www\\hom...')
#8 C:\wamp\www\home\index.php(17): require('C:\\wamp\\www\\hom...')
#9 {main}
  thrown

2018-04-18T20:40:50+00:00 CRITICAL Uncaught LogicException: id_token must be passed in or set as part of setAccessToken in C:\wamp\www\home\wp-content\themes\storefront-child\google\google\apiclient\src\Google\Client.php:702
Stack trace:
#0 C:\wamp\www\home\wp-content\themes\storefront-child\functions.php(259): Google_Client->verifyIdToken(NULL)
#1 C:\wamp\www\home\wp-includes\class-wp-hook.php(286): googleLogin('')
#2 C:\wamp\www\home\wp-includes\class-wp-hook.php(310): WP_Hook->apply_filters(NULL, Array)
#3 C:\wamp\www\home\wp-includes\plugin.php(453): WP_Hook->do_action(Array)
#4 C:\wamp\www\home\wp-settings.php(450): do_action('init')
#5 C:\wamp\www\home\wp-config.php(89): require_once('C:\\wamp\\www\\hom...')
#6 C:\wamp\www\home\wp-load.php(37): require_once('C:\\wamp\\www\\hom...')
#7 C:\wamp\www\home\wp-blog-header.php(13): require_once('C:\\wamp\\www\\hom...')
#8 C:\wamp\www\home\index.php(17): require('C:\\wamp\\www\\hom...')
#9 {main}
  thrown

2018-04-18T20:42:55+00:00 CRITICAL Uncaught GuzzleHttp\Exception\RequestException: cURL error 60: SSL certificate problem: unable to get local issuer certificate (see http://curl.haxx.se/libcurl/c/libcurl-errors.html) in C:\wamp\www\home\wp-content\themes\storefront-child\google\guzzlehttp\guzzle\src\Handler\CurlFactory.php:186
Stack trace:
#0 C:\wamp\www\home\wp-content\themes\storefront-child\google\guzzlehttp\guzzle\src\Handler\CurlFactory.php(149): GuzzleHttp\Handler\CurlFactory::createRejection(Object(GuzzleHttp\Handler\EasyHandle), Array)
#1 C:\wamp\www\home\wp-content\themes\storefront-child\google\guzzlehttp\guzzle\src\Handler\CurlFactory.php(102): GuzzleHttp\Handler\CurlFactory::finishError(Object(GuzzleHttp\Handler\CurlHandler), Object(GuzzleHttp\Handler\EasyHandle), Object(GuzzleHttp\Handler\CurlFactory))
#2 C:\wamp\www\home\wp-content\themes\storefront-child\google\guzzlehttp\guzzle\src\Handler\CurlHandler.php(43): GuzzleHttp\Handler\CurlFactory::finish(Object(GuzzleHttp\Handler\CurlHandler), Object(GuzzleHttp\Handler\EasyHandle), 

2018-04-18T20:45:59+00:00 CRITICAL Uncaught UnexpectedValueException: Wrong number of segments in C:\wamp\www\home\wp-content\themes\storefront-child\google\firebase\php-jwt\src\JWT.php:78
Stack trace:
#0 C:\wamp\www\home\wp-content\themes\storefront-child\google\google\apiclient\src\Google\AccessToken\Verify.php(103): Firebase\JWT\JWT::decode('4/AACgQdgyYPw0L...', '-----BEGIN PUBL...', Array)
#1 C:\wamp\www\home\wp-content\themes\storefront-child\google\google\apiclient\src\Google\Client.php(711): Google_AccessToken_Verify->verifyIdToken('4/AACgQdgyYPw0L...', '159363141544-ge...')
#2 C:\wamp\www\home\wp-content\themes\storefront-child\functions.php(259): Google_Client->verifyIdToken('4/AACgQdgyYPw0L...')
#3 C:\wamp\www\home\wp-includes\class-wp-hook.php(286): googleLogin('')
#4 C:\wamp\www\home\wp-includes\class-wp-hook.php(310): WP_Hook->apply_filters(NULL, Array)
#5 C:\wamp\www\home\wp-includes\plugin.php(453): WP_Hook->do_action(Array)
#6 C:\wamp\www\home\wp-settings.php(450): do_action('init')
#7 C:\wamp\www\home\wp-config.php(89): requir

2018-04-18T20:48:11+00:00 CRITICAL Uncaught UnexpectedValueException: Wrong number of segments in C:\wamp\www\home\wp-content\themes\storefront-child\google\firebase\php-jwt\src\JWT.php:78
Stack trace:
#0 C:\wamp\www\home\wp-content\themes\storefront-child\google\google\apiclient\src\Google\AccessToken\Verify.php(103): Firebase\JWT\JWT::decode('4/AACQH3o2xNHgb...', '-----BEGIN PUBL...', Array)
#1 C:\wamp\www\home\wp-content\themes\storefront-child\google\google\apiclient\src\Google\Client.php(711): Google_AccessToken_Verify->verifyIdToken('4/AACQH3o2xNHgb...', '159363141544-ge...')
#2 C:\wamp\www\home\wp-content\themes\storefront-child\functions.php(259): Google_Client->verifyIdToken('4/AACQH3o2xNHgb...')
#3 C:\wamp\www\home\wp-includes\class-wp-hook.php(286): googleLogin('')
#4 C:\wamp\www\home\wp-includes\class-wp-hook.php(310): WP_Hook->apply_filters(NULL, Array)
#5 C:\wamp\www\home\wp-includes\plugin.php(453): WP_Hook->do_action(Array)
#6 C:\wamp\www\home\wp-settings.php(450): do_action('init')
#7 C:\wamp\www\home\wp-config.php(89): requir

2018-04-18T20:51:08+00:00 CRITICAL Uncaught UnexpectedValueException: Wrong number of segments in C:\wamp\www\home\wp-content\themes\storefront-child\google\firebase\php-jwt\src\JWT.php:78
Stack trace:
#0 C:\wamp\www\home\wp-content\themes\storefront-child\google\google\apiclient\src\Google\AccessToken\Verify.php(103): Firebase\JWT\JWT::decode('4/AADljP6HBpyyK...', '-----BEGIN PUBL...', Array)
#1 C:\wamp\www\home\wp-content\themes\storefront-child\google\google\apiclient\src\Google\Client.php(711): Google_AccessToken_Verify->verifyIdToken('4/AADljP6HBpyyK...', '159363141544-ge...')
#2 C:\wamp\www\home\wp-content\themes\storefront-child\functions.php(260): Google_Client->verifyIdToken('4/AADljP6HBpyyK...')
#3 C:\wamp\www\home\wp-includes\class-wp-hook.php(286): googleLogin('')
#4 C:\wamp\www\home\wp-includes\class-wp-hook.php(310): WP_Hook->apply_filters(NULL, Array)
#5 C:\wamp\www\home\wp-includes\plugin.php(453): WP_Hook->do_action(Array)
#6 C:\wamp\www\home\wp-settings.php(450): do_action('init')
#7 C:\wamp\www\home\wp-config.php(89): requir

2018-04-18T20:57:15+00:00 CRITICAL Uncaught UnexpectedValueException: Wrong number of segments in C:\wamp\www\home\wp-content\themes\storefront-child\google\firebase\php-jwt\src\JWT.php:78
Stack trace:
#0 C:\wamp\www\home\wp-content\themes\storefront-child\google\google\apiclient\src\Google\AccessToken\Verify.php(103): Firebase\JWT\JWT::decode('4/AADZfMgg9RIud...', '-----BEGIN PUBL...', Array)
#1 C:\wamp\www\home\wp-content\themes\storefront-child\google\google\apiclient\src\Google\Client.php(711): Google_AccessToken_Verify->verifyIdToken('4/AADZfMgg9RIud...', '159363141544-ge...')
#2 C:\wamp\www\home\wp-content\themes\storefront-child\functions.php(260): Google_Client->verifyIdToken('4/AADZfMgg9RIud...')
#3 C:\wamp\www\home\wp-includes\class-wp-hook.php(286): googleLogin('')
#4 C:\wamp\www\home\wp-includes\class-wp-hook.php(310): WP_Hook->apply_filters(NULL, Array)
#5 C:\wamp\www\home\wp-includes\plugin.php(453): WP_Hook->do_action(Array)
#6 C:\wamp\www\home\wp-settings.php(450): do_action('init')
#7 C:\wamp\www\home\wp-config.php(89): requir

2018-04-19T08:09:11+00:00 CRITICAL Uncaught UnexpectedValueException: Wrong number of segments in C:\wamp\www\home\wp-content\themes\storefront-child\google\firebase\php-jwt\src\JWT.php:78
Stack trace:
#0 C:\wamp\www\home\wp-content\themes\storefront-child\google\google\apiclient\src\Google\AccessToken\Verify.php(103): Firebase\JWT\JWT::decode('ya29.GluiBXKycN...', '-----BEGIN PUBL...', Array)
#1 C:\wamp\www\home\wp-content\themes\storefront-child\google\google\apiclient\src\Google\Client.php(711): Google_AccessToken_Verify->verifyIdToken('ya29.GluiBXKycN...', '159363141544-ge...')
#2 C:\wamp\www\home\wp-content\themes\storefront-child\functions.php(310): Google_Client->verifyIdToken('ya29.GluiBXKycN...')
#3 C:\wamp\www\home\wp-includes\class-wp-hook.php(286): googleLogin('')
#4 C:\wamp\www\home\wp-includes\class-wp-hook.php(310): WP_Hook->apply_filters(NULL, Array)
#5 C:\wamp\www\home\wp-includes\plugin.php(453): WP_Hook->do_action(Array)
#6 C:\wamp\www\home\wp-settings.php(450): do_action('init')
#7 C:\wamp\www\home\wp-config.php(89): requir

2018-04-19T08:10:30+00:00 CRITICAL Uncaught Firebase\JWT\BeforeValidException: Cannot handle token prior to 2018-04-19T08:10:32+0000 in C:\wamp\www\home\wp-content\themes\storefront-child\google\firebase\php-jwt\src\JWT.php:127
Stack trace:
#0 C:\wamp\www\home\wp-content\themes\storefront-child\google\google\apiclient\src\Google\AccessToken\Verify.php(103): Firebase\JWT\JWT::decode('eyJhbGciOiJSUzI...', '-----BEGIN PUBL...', Array)
#1 C:\wamp\www\home\wp-content\themes\storefront-child\google\google\apiclient\src\Google\Client.php(711): Google_AccessToken_Verify->verifyIdToken('eyJhbGciOiJSUzI...', '159363141544-ge...')
#2 C:\wamp\www\home\wp-content\themes\storefront-child\functions.php(310): Google_Client->verifyIdToken('eyJhbGciOiJSUzI...')
#3 C:\wamp\www\home\wp-includes\class-wp-hook.php(286): googleLogin('')
#4 C:\wamp\www\home\wp-includes\class-wp-hook.php(310): WP_Hook->apply_filters(NULL, Array)
#5 C:\wamp\www\home\wp-includes\plugin.php(453): WP_Hook->do_action(Array)
#6 C:\wamp\www\home\wp-settings.php(450): do_action('init')
#7 C:\

2018-04-19T09:41:18+00:00 CRITICAL Uncaught Error: Call to a member function escape() on null in C:\wamp\www\home\wp-content\themes\storefront-child\functions.php:77
Stack trace:
#0 C:\wamp\www\home\wp-includes\class-wp-hook.php(286): custom_login('')
#1 C:\wamp\www\home\wp-includes\class-wp-hook.php(310): WP_Hook->apply_filters(NULL, Array)
#2 C:\wamp\www\home\wp-includes\plugin.php(453): WP_Hook->do_action(Array)
#3 C:\wamp\www\home\wp-settings.php(450): do_action('init')
#4 C:\wamp\www\home\wp-config.php(89): require_once('C:\\wamp\\www\\hom...')
#5 C:\wamp\www\home\wp-load.php(37): require_once('C:\\wamp\\www\\hom...')
#6 C:\wamp\www\home\wp-blog-header.php(13): require_once('C:\\wamp\\www\\hom...')
#7 C:\wamp\www\home\index.php(17): require('C:\\wamp\\www\\hom...')
#8 {main}
  thrown

2018-04-19T09:41:20+00:00 CRITICAL Uncaught Error: Call to a member function escape() on null in C:\wamp\www\home\wp-content\themes\storefront-child\functions.php:77
Stack trace:
#0 C:\wamp\www\home\wp-includes\class-wp-hook.php(286): custom_login('')
#1 C:\wamp\www\home\wp-includes\class-wp-hook.php(310): WP_Hook->apply_filters(NULL, Array)
#2 C:\wamp\www\home\wp-includes\plugin.php(453): WP_Hook->do_action(Array)
#3 C:\wamp\www\home\wp-settings.php(450): do_action('init')
#4 C:\wamp\www\home\wp-config.php(89): require_once('C:\\wamp\\www\\hom...')
#5 C:\wamp\www\home\wp-load.php(37): require_once('C:\\wamp\\www\\hom...')
#6 C:\wamp\www\home\wp-blog-header.php(13): require_once('C:\\wamp\\www\\hom...')
#7 C:\wamp\www\home\index.php(17): require('C:\\wamp\\www\\hom...')
#8 {main}
  thrown

2018-04-19T09:42:02+00:00 CRITICAL Uncaught Error: Call to a member function escape() on null in C:\wamp\www\home\wp-content\themes\storefront-child\functions.php:77
Stack trace:
#0 C:\wamp\www\home\wp-includes\class-wp-hook.php(286): custom_login('')
#1 C:\wamp\www\home\wp-includes\class-wp-hook.php(310): WP_Hook->apply_filters(NULL, Array)
#2 C:\wamp\www\home\wp-includes\plugin.php(453): WP_Hook->do_action(Array)
#3 C:\wamp\www\home\wp-settings.php(450): do_action('init')
#4 C:\wamp\www\home\wp-config.php(89): require_once('C:\\wamp\\www\\hom...')
#5 C:\wamp\www\home\wp-load.php(37): require_once('C:\\wamp\\www\\hom...')
#6 C:\wamp\www\home\wp-blog-header.php(13): require_once('C:\\wamp\\www\\hom...')
#7 C:\wamp\www\home\index.php(17): require('C:\\wamp\\www\\hom...')
#8 {main}
  thrown

2018-04-19T10:31:26+00:00 CRITICAL Uncaught Error: Call to undefined method WC_Product_Variation::get_available_variations() in C:\wamp\www\home\wp-content\themes\storefront-child\woocommerce\checkout\form-checkout.php:162
Stack trace:
#0 C:\wamp\www\home\wp-content\plugins\woocommerce\includes\wc-core-functions.php(211): include()
#1 C:\wamp\www\home\wp-content\plugins\woocommerce\includes\shortcodes\class-wc-shortcode-checkout.php(242): wc_get_template('checkout/form-c...', Array)
#2 C:\wamp\www\home\wp-content\plugins\woocommerce\includes\shortcodes\class-wc-shortcode-checkout.php(68): WC_Shortcode_Checkout::checkout()
#3 C:\wamp\www\home\wp-content\plugins\woocommerce\includes\class-wc-shortcodes.php(76): WC_Shortcode_Checkout::output('')
#4 C:\wamp\www\home\wp-content\plugins\woocommerce\includes\class-wc-shortcodes.php(99): WC_Shortcodes::shortcode_wrapper(Array, '')
#5 C:\wamp\www\home\wp-includes\shortcodes.php(319): WC_Shortcodes::checkout('', '', 'woocommerce_che...')
#6 [internal function]: do_shortcode_tag(Array)
#7 C:\wamp\www\hom

